<?xml version="1.0" encoding="UTF-8" standalone="no"?>
<testsuite errors="0" failures="2" name="io.cucumber.core.plugin.JUnitFormatter" skipped="0" tests="10" time="251.218">
    <testcase classname="employee_login" name="login_with_employee_credentials" time="72.567">
        <system-out><![CDATA[Given user is on the login page.............................................passed
And user clicks on login dropdown...........................................passed
And user clicks on sign in button...........................................passed
And user sends username "gino.wintheiser"...................................passed
And user sends password "%B6B*q1!TH"........................................passed
And user clicks on the login button.........................................passed
Then close the application..................................................passed
]]></system-out>
    </testcase>
    <testcase classname="employee_login" name="login_with_employee_credentials_2" time="61.121">
        <system-out><![CDATA[Given user is on the login page.............................................passed
And user clicks on login dropdown...........................................passed
And user clicks on sign in button...........................................passed
And user sends username "dallas.batz".......................................passed
And user sends password "dOWjuXz8*es6"......................................passed
And user clicks on the login button.........................................passed
Then close the application..................................................passed
]]></system-out>
    </testcase>
    <testcase classname="employee_login" name="login_with_employee_credentials_3" time="15.091">
        <system-out><![CDATA[Given user is on the login page.............................................passed
And user clicks on login dropdown...........................................passed
And user clicks on sign in button...........................................passed
And user sends username "leonel.skiles".....................................passed
And user sends password "x3uvY0f8hw1T"......................................passed
And user clicks on the login button.........................................passed
Then close the application..................................................passed
]]></system-out>
    </testcase>
    <testcase classname="employee_login" name="login_with_employee_credentials_4" time="18.481">
        <system-out><![CDATA[Given user is on the login page.............................................passed
And user clicks on login dropdown...........................................passed
And user clicks on sign in button...........................................passed
And user sends username "freddy.veum".......................................passed
And user sends password "*f**3dafHW3Jx".....................................passed
And user clicks on the login button.........................................passed
Then close the application..................................................passed
]]></system-out>
    </testcase>
    <testcase classname="employee_login" name="login_with_employee_credentials_5" time="18.526">
        <system-out><![CDATA[Given user is on the login page.............................................passed
And user clicks on login dropdown...........................................passed
And user clicks on sign in button...........................................passed
And user sends username "syble.jerde".......................................passed
And user sends password "2*0R*!K&GB3T%G"....................................passed
And user clicks on the login button.........................................passed
Then close the application..................................................passed
]]></system-out>
    </testcase>
    <testcase classname="employee_login" name="login_with_employee_credentials_6" time="14.854">
        <system-out><![CDATA[Given user is on the login page.............................................passed
And user clicks on login dropdown...........................................passed
And user clicks on sign in button...........................................passed
And user sends username "julius.keebler"....................................passed
And user sends password "F&134#R%0d"........................................passed
And user clicks on the login button.........................................passed
Then close the application..................................................passed
]]></system-out>
    </testcase>
    <testcase classname="money transfer feature" name="login_with_customer_credentials" time="13.145">
        <system-out><![CDATA[Given user is on the login page.............................................passed
And user clicks on login dropdown...........................................passed
And user clicks on sign in button...........................................passed
And user sends username "shaylee.lindgren"..................................passed
And user sends password "mVSk$eq1YoZwq".....................................passed
And user clicks on the login button.........................................passed
]]></system-out>
    </testcase>
    <testcase classname="money transfer feature" name="user_should_make_money_transfer" time="13.59">
        <failure message="no such element: Unable to locate element: {&quot;method&quot;:&quot;xpath&quot;,&quot;selector&quot;:&quot;//*[text()='Transfer is succesfull']&quot;}&#10;  (Session info: chrome=96.0.4664.110)&#10;For documentation on this error, please visit: https://selenium.dev/exceptions/#no_such_element&#10;Build info: version: '4.1.1', revision: 'e8fcc2cecf'&#10;System info: host: 'Mujohids-MacBook-Pro.local', ip: 'fe80:0:0:0:1023:712b:e3b6:2131%en0', os.name: 'Mac OS X', os.arch: 'x86_64', os.version: '11.6.3', java.version: '17.0.2'&#10;Driver info: org.openqa.selenium.chrome.ChromeDriver&#10;Command: [2ecbf840f6538f1c0ce8adaea3ddb820, findElement {using=xpath, value=//*[text()='Transfer is succesfull']}]&#10;Capabilities {acceptInsecureCerts: false, browserName: chrome, browserVersion: 96.0.4664.110, chrome: {chromedriverVersion: 96.0.4664.45 (76e4c1bb2ab46..., userDataDir: /var/folders/y9/d0_97shx6mj...}, goog:chromeOptions: {debuggerAddress: localhost:50999}, javascriptEnabled: true, networkConnectionEnabled: false, pageLoadStrategy: normal, platform: MAC, platformName: MAC, proxy: Proxy(), se:cdp: ws://localhost:50999/devtoo..., se:cdpVersion: 96.0.4664.110, setWindowRect: true, strictFileInteractability: false, timeouts: {implicit: 0, pageLoad: 300000, script: 30000}, unhandledPromptBehavior: dismiss and notify, webauthn:extension:credBlob: true, webauthn:extension:largeBlob: true, webauthn:virtualAuthenticators: true}&#10;Session ID: 2ecbf840f6538f1c0ce8adaea3ddb820" type="org.openqa.selenium.NoSuchElementException"><![CDATA[Given user clicks on my operations..........................................passed
And user clicks on transfer money...........................................passed
When user select the current account to transfer money from.................passed
And user select the other account to transfer money to......................passed
When user provides the balance "3"..........................................passed
And user types the description..............................................passed
Then user makes the money transfer and verify success message...............failed
Then close the application..................................................skipped

StackTrace:
org.openqa.selenium.NoSuchElementException: no such element: Unable to locate element: {"method":"xpath","selector":"//*[text()='Transfer is succesfull']"}
  (Session info: chrome=96.0.4664.110)
For documentation on this error, please visit: https://selenium.dev/exceptions/#no_such_element
Build info: version: '4.1.1', revision: 'e8fcc2cecf'
System info: host: 'Mujohids-MacBook-Pro.local', ip: 'fe80:0:0:0:1023:712b:e3b6:2131%en0', os.name: 'Mac OS X', os.arch: 'x86_64', os.version: '11.6.3', java.version: '17.0.2'
Driver info: org.openqa.selenium.chrome.ChromeDriver
Command: [2ecbf840f6538f1c0ce8adaea3ddb820, findElement {using=xpath, value=//*[text()='Transfer is succesfull']}]
Capabilities {acceptInsecureCerts: false, browserName: chrome, browserVersion: 96.0.4664.110, chrome: {chromedriverVersion: 96.0.4664.45 (76e4c1bb2ab46..., userDataDir: /var/folders/y9/d0_97shx6mj...}, goog:chromeOptions: {debuggerAddress: localhost:50999}, javascriptEnabled: true, networkConnectionEnabled: false, pageLoadStrategy: normal, platform: MAC, platformName: MAC, proxy: Proxy(), se:cdp: ws://localhost:50999/devtoo..., se:cdpVersion: 96.0.4664.110, setWindowRect: true, strictFileInteractability: false, timeouts: {implicit: 0, pageLoad: 300000, script: 30000}, unhandledPromptBehavior: dismiss and notify, webauthn:extension:credBlob: true, webauthn:extension:largeBlob: true, webauthn:virtualAuthenticators: true}
Session ID: 2ecbf840f6538f1c0ce8adaea3ddb820
	at java.base/jdk.internal.reflect.NativeConstructorAccessorImpl.newInstance0(Native Method)
	at java.base/jdk.internal.reflect.NativeConstructorAccessorImpl.newInstance(NativeConstructorAccessorImpl.java:77)
	at java.base/jdk.internal.reflect.DelegatingConstructorAccessorImpl.newInstance(DelegatingConstructorAccessorImpl.java:45)
	at java.base/java.lang.reflect.Constructor.newInstanceWithCaller(Constructor.java:499)
	at java.base/java.lang.reflect.Constructor.newInstance(Constructor.java:480)
	at org.openqa.selenium.remote.codec.w3c.W3CHttpResponseCodec.createException(W3CHttpResponseCodec.java:200)
	at org.openqa.selenium.remote.codec.w3c.W3CHttpResponseCodec.decode(W3CHttpResponseCodec.java:133)
	at org.openqa.selenium.remote.codec.w3c.W3CHttpResponseCodec.decode(W3CHttpResponseCodec.java:53)
	at org.openqa.selenium.remote.HttpCommandExecutor.execute(HttpCommandExecutor.java:184)
	at org.openqa.selenium.remote.service.DriverCommandExecutor.invokeExecute(DriverCommandExecutor.java:167)
	at org.openqa.selenium.remote.service.DriverCommandExecutor.execute(DriverCommandExecutor.java:142)
	at org.openqa.selenium.remote.RemoteWebDriver.execute(RemoteWebDriver.java:543)
	at org.openqa.selenium.remote.ElementLocation$ElementFinder$2.findElement(ElementLocation.java:162)
	at org.openqa.selenium.remote.ElementLocation.findElement(ElementLocation.java:60)
	at org.openqa.selenium.remote.RemoteWebDriver.findElement(RemoteWebDriver.java:367)
	at org.openqa.selenium.remote.RemoteWebDriver.findElement(RemoteWebDriver.java:359)
	at org.openqa.selenium.support.pagefactory.DefaultElementLocator.findElement(DefaultElementLocator.java:70)
	at org.openqa.selenium.support.pagefactory.internal.LocatingElementHandler.invoke(LocatingElementHandler.java:39)
	at jdk.proxy2/jdk.proxy2.$Proxy21.isDisplayed(Unknown Source)
	at stepdefinitions.MoneyTransferStepDefs.user_makes_the_money_transfer_and_verify_success_message(MoneyTransferStepDefs.java:55)
	at ✽.user makes the money transfer and verify success message(file:///Users/mujohidkahhori/IdeaProjects/mycucumberproject/./src/test/resources/features/day20_user_money_transfer.feature:20)
]]></failure>
    </testcase>
    <testcase classname="registration feature" name="user should be able to register" time="12.132">
        <system-out><![CDATA[Given user is on the registration page......................................passed
And user enters ssn number as "123-45-0369".................................passed
And user enters firstname as "New User" and lastname as "last"..............passed
And user provides address "Milky way".......................................passed
And user provides phoneNumber "456-279-5588"................................passed
And user provides username "utilisateur"....................................passed
And user provides email "kalin54@gmail.com".................................passed
And user provides the firstPassword as "Utilisateur123." and secondPassword as "Utilisateur123.".passed
Then user clicks on the register button and see the success message as "successfully registered".passed
]]></system-out>
    </testcase>
    <testcase classname="admin login feature" name="login_with_employee_credentials" time="11.472">
        <failure message="no such element: Unable to locate element: {&quot;method&quot;:&quot;css selector&quot;,&quot;selector&quot;:&quot;#username&quot;}&#10;  (Session info: chrome=96.0.4664.110)&#10;For documentation on this error, please visit: https://selenium.dev/exceptions/#no_such_element&#10;Build info: version: '4.1.1', revision: 'e8fcc2cecf'&#10;System info: host: 'Mujohids-MacBook-Pro.local', ip: 'fe80:0:0:0:1023:712b:e3b6:2131%en0', os.name: 'Mac OS X', os.arch: 'x86_64', os.version: '11.6.3', java.version: '17.0.2'&#10;Driver info: org.openqa.selenium.chrome.ChromeDriver&#10;Command: [2ecbf840f6538f1c0ce8adaea3ddb820, findElement {using=id, value=username}]&#10;Capabilities {acceptInsecureCerts: false, browserName: chrome, browserVersion: 96.0.4664.110, chrome: {chromedriverVersion: 96.0.4664.45 (76e4c1bb2ab46..., userDataDir: /var/folders/y9/d0_97shx6mj...}, goog:chromeOptions: {debuggerAddress: localhost:50999}, javascriptEnabled: true, networkConnectionEnabled: false, pageLoadStrategy: normal, platform: MAC, platformName: MAC, proxy: Proxy(), se:cdp: ws://localhost:50999/devtoo..., se:cdpVersion: 96.0.4664.110, setWindowRect: true, strictFileInteractability: false, timeouts: {implicit: 0, pageLoad: 300000, script: 30000}, unhandledPromptBehavior: dismiss and notify, webauthn:extension:credBlob: true, webauthn:extension:largeBlob: true, webauthn:virtualAuthenticators: true}&#10;Session ID: 2ecbf840f6538f1c0ce8adaea3ddb820" type="org.openqa.selenium.NoSuchElementException"><![CDATA[Given user is on the login page.............................................passed
And user clicks on login dropdown...........................................passed
And user clicks on sign in button...........................................passed
And user enters admin_id and admin_password.................................failed
And user clicks on the login button.........................................skipped
Then verify the login is successful.........................................skipped

StackTrace:
org.openqa.selenium.NoSuchElementException: no such element: Unable to locate element: {"method":"css selector","selector":"#username"}
  (Session info: chrome=96.0.4664.110)
For documentation on this error, please visit: https://selenium.dev/exceptions/#no_such_element
Build info: version: '4.1.1', revision: 'e8fcc2cecf'
System info: host: 'Mujohids-MacBook-Pro.local', ip: 'fe80:0:0:0:1023:712b:e3b6:2131%en0', os.name: 'Mac OS X', os.arch: 'x86_64', os.version: '11.6.3', java.version: '17.0.2'
Driver info: org.openqa.selenium.chrome.ChromeDriver
Command: [2ecbf840f6538f1c0ce8adaea3ddb820, findElement {using=id, value=username}]
Capabilities {acceptInsecureCerts: false, browserName: chrome, browserVersion: 96.0.4664.110, chrome: {chromedriverVersion: 96.0.4664.45 (76e4c1bb2ab46..., userDataDir: /var/folders/y9/d0_97shx6mj...}, goog:chromeOptions: {debuggerAddress: localhost:50999}, javascriptEnabled: true, networkConnectionEnabled: false, pageLoadStrategy: normal, platform: MAC, platformName: MAC, proxy: Proxy(), se:cdp: ws://localhost:50999/devtoo..., se:cdpVersion: 96.0.4664.110, setWindowRect: true, strictFileInteractability: false, timeouts: {implicit: 0, pageLoad: 300000, script: 30000}, unhandledPromptBehavior: dismiss and notify, webauthn:extension:credBlob: true, webauthn:extension:largeBlob: true, webauthn:virtualAuthenticators: true}
Session ID: 2ecbf840f6538f1c0ce8adaea3ddb820
	at java.base/jdk.internal.reflect.NativeConstructorAccessorImpl.newInstance0(Native Method)
	at java.base/jdk.internal.reflect.NativeConstructorAccessorImpl.newInstance(NativeConstructorAccessorImpl.java:77)
	at java.base/jdk.internal.reflect.DelegatingConstructorAccessorImpl.newInstance(DelegatingConstructorAccessorImpl.java:45)
	at java.base/java.lang.reflect.Constructor.newInstanceWithCaller(Constructor.java:499)
	at java.base/java.lang.reflect.Constructor.newInstance(Constructor.java:480)
	at org.openqa.selenium.remote.codec.w3c.W3CHttpResponseCodec.createException(W3CHttpResponseCodec.java:200)
	at org.openqa.selenium.remote.codec.w3c.W3CHttpResponseCodec.decode(W3CHttpResponseCodec.java:133)
	at org.openqa.selenium.remote.codec.w3c.W3CHttpResponseCodec.decode(W3CHttpResponseCodec.java:53)
	at org.openqa.selenium.remote.HttpCommandExecutor.execute(HttpCommandExecutor.java:184)
	at org.openqa.selenium.remote.service.DriverCommandExecutor.invokeExecute(DriverCommandExecutor.java:167)
	at org.openqa.selenium.remote.service.DriverCommandExecutor.execute(DriverCommandExecutor.java:142)
	at org.openqa.selenium.remote.RemoteWebDriver.execute(RemoteWebDriver.java:543)
	at org.openqa.selenium.remote.ElementLocation$ElementFinder$2.findElement(ElementLocation.java:162)
	at org.openqa.selenium.remote.ElementLocation.findElement(ElementLocation.java:60)
	at org.openqa.selenium.remote.RemoteWebDriver.findElement(RemoteWebDriver.java:367)
	at org.openqa.selenium.remote.RemoteWebDriver.findElement(RemoteWebDriver.java:359)
	at org.openqa.selenium.support.pagefactory.DefaultElementLocator.findElement(DefaultElementLocator.java:70)
	at org.openqa.selenium.support.pagefactory.internal.LocatingElementHandler.invoke(LocatingElementHandler.java:39)
	at jdk.proxy2/jdk.proxy2.$Proxy21.sendKeys(Unknown Source)
	at stepdefinitions.LoginStepDefs.user_enters_admin_id_and_admin_password(LoginStepDefs.java:61)
	at ✽.user enters admin_id and admin_password(file:///Users/mujohidkahhori/IdeaProjects/mycucumberproject/./src/test/resources/features/day21_admin_login.feature:8)
]]></failure>
    </testcase>
</testsuite>
